# JRE version: Java(TM) SE Runtime Environment (8.0_191-b12) (build 1.8.0_191-b12)
# Java VM: Java HotSpot(TM) 64-Bit Server VM (25.191-b12 mixed mode windows-amd64 compressed oops)
Heap:
 PSYoungGen      total 11776K, used 5257K [0x00000000d6900000, 0x00000000d7e00000, 0x0000000100000000)
  eden space 9728K, 54% used [0x00000000d6900000,0x00000000d6e22630,0x00000000d7280000)
  from space 2048K, 0% used [0x00000000d7700000,0x00000000d7700000,0x00000000d7900000)
  to   space 4608K, 0% used [0x00000000d7280000,0x00000000d7280000,0x00000000d7700000)
 ParOldGen       total 11264K, used 5422K [0x0000000083a00000, 0x0000000084500000, 0x00000000d6900000)
  object space 11264K, 48% used [0x0000000083a00000,0x0000000083f4b8e0,0x0000000084500000)
 Metaspace       used 7291K, capacity 8180K, committed 8448K, reserved 1056768K
  class space    used 893K, capacity 944K, committed 1024K, reserved 1048576K
GC Heap History (10 events):
Event: 0.154 GC heap before
{Heap before GC invocations=3 (full 0):
 PSYoungGen      total 3584K, used 3513K [0x00000000d6900000, 0x00000000d6d00000, 0x0000000100000000)
  eden space 3072K, 98% used [0x00000000d6900000,0x00000000d6bf25c8,0x00000000d6c00000)
  from space 512K, 96% used [0x00000000d6c80000,0x00000000d6cfc010,0x00000000d6d00000)
  to   space 512K, 0% used [0x00000000d6c00000,0x00000000d6c00000,0x00000000d6c80000)
 ParOldGen       total 5632K, used 88K [0x0000000083a00000, 0x0000000083f80000, 0x00000000d6900000)
  object space 5632K, 1% used [0x0000000083a00000,0x0000000083a16020,0x0000000083f80000)
 Metaspace       used 4921K, capacity 6220K, committed 6400K, reserved 1056768K
  class space    used 607K, capacity 648K, committed 768K, reserved 1048576K
Event: 0.155 GC heap after
Heap after GC invocations=3 (full 0):
 PSYoungGen      total 3584K, used 495K [0x00000000d6900000, 0x00000000d7000000, 0x0000000100000000)
  eden space 3072K, 0% used [0x00000000d6900000,0x00000000d6900000,0x00000000d6c00000)
  from space 512K, 96% used [0x00000000d6c00000,0x00000000d6c7bc30,0x00000000d6c80000)
  to   space 512K, 0% used [0x00000000d6f80000,0x00000000d6f80000,0x00000000d7000000)
 ParOldGen       total 5632K, used 636K [0x0000000083a00000, 0x0000000083f80000, 0x00000000d6900000)
  object space 5632K, 11% used [0x0000000083a00000,0x0000000083a9f040,0x0000000083f80000)
 Metaspace       used 4921K, capacity 6220K, committed 6400K, reserved 1056768K
  class space    used 607K, capacity 648K, committed 768K, reserved 1048576K
}
Event: 0.199 GC heap before
{Heap before GC invocations=4 (full 0):
 PSYoungGen      total 3584K, used 3566K [0x00000000d6900000, 0x00000000d7000000, 0x0000000100000000)
  eden space 3072K, 99% used [0x00000000d6900000,0x00000000d6bfff98,0x00000000d6c00000)
  from space 512K, 96% used [0x00000000d6c00000,0x00000000d6c7bc30,0x00000000d6c80000)
  to   space 512K, 0% used [0x00000000d6f80000,0x00000000d6f80000,0x00000000d7000000)
 ParOldGen       total 5632K, used 636K [0x0000000083a00000, 0x0000000083f80000, 0x00000000d6900000)
  object space 5632K, 11% used [0x0000000083a00000,0x0000000083a9f040,0x0000000083f80000)
 Metaspace       used 6037K, capacity 7276K, committed 7552K, reserved 1056768K
  class space    used 759K, capacity 808K, committed 896K, reserved 1048576K
Event: 0.199 GC heap after
Heap after GC invocations=4 (full 0):
 PSYoungGen      total 6656K, used 496K [0x00000000d6900000, 0x00000000d7000000, 0x0000000100000000)
  eden space 6144K, 0% used [0x00000000d6900000,0x00000000d6900000,0x00000000d6f00000)
  from space 512K, 96% used [0x00000000d6f80000,0x00000000d6ffc020,0x00000000d7000000)
  to   space 512K, 0% used [0x00000000d6f00000,0x00000000d6f00000,0x00000000d6f80000)
 ParOldGen       total 5632K, used 957K [0x0000000083a00000, 0x0000000083f80000, 0x00000000d6900000)
  object space 5632K, 17% used [0x0000000083a00000,0x0000000083aef728,0x0000000083f80000)
 Metaspace       used 6037K, capacity 7276K, committed 7552K, reserved 1056768K
  class space    used 759K, capacity 808K, committed 896K, reserved 1048576K
}
Event: 0.269 GC heap before
{Heap before GC invocations=5 (full 0):
 PSYoungGen      total 6656K, used 6171K [0x00000000d6900000, 0x00000000d7000000, 0x0000000100000000)
  eden space 6144K, 92% used [0x00000000d6900000,0x00000000d6e8ad80,0x00000000d6f00000)
  from space 512K, 96% used [0x00000000d6f80000,0x00000000d6ffc020,0x00000000d7000000)
  to   space 512K, 0% used [0x00000000d6f00000,0x00000000d6f00000,0x00000000d6f80000)
 ParOldGen       total 5632K, used 957K [0x0000000083a00000, 0x0000000083f80000, 0x00000000d6900000)
  object space 5632K, 17% used [0x0000000083a00000,0x0000000083aef728,0x0000000083f80000)
 Metaspace       used 7260K, capacity 8180K, committed 8448K, reserved 1056768K
  class space    used 892K, capacity 944K, committed 1024K, reserved 1048576K
Event: 0.274 GC heap after
Heap after GC invocations=5 (full 0):
 PSYoungGen      total 6656K, used 496K [0x00000000d6900000, 0x00000000d7900000, 0x0000000100000000)
  eden space 6144K, 0% used [0x00000000d6900000,0x00000000d6900000,0x00000000d6f00000)
  from space 512K, 96% used [0x00000000d6f00000,0x00000000d6f7c020,0x00000000d6f80000)
  to   space 2048K, 0% used [0x00000000d7700000,0x00000000d7700000,0x00000000d7900000)
 ParOldGen       total 5632K, used 2349K [0x0000000083a00000, 0x0000000083f80000, 0x00000000d6900000)
  object space 5632K, 41% used [0x0000000083a00000,0x0000000083c4b5c0,0x0000000083f80000)
 Metaspace       used 7260K, capacity 8180K, committed 8448K, reserved 1056768K
  class space    used 892K, capacity 944K, committed 1024K, reserved 1048576K
}
Event: 0.301 GC heap before
{Heap before GC invocations=6 (full 0):
 PSYoungGen      total 6656K, used 6640K [0x00000000d6900000, 0x00000000d7900000, 0x0000000100000000)
  eden space 6144K, 100% used [0x00000000d6900000,0x00000000d6f00000,0x00000000d6f00000)
  from space 512K, 96% used [0x00000000d6f00000,0x00000000d6f7c020,0x00000000d6f80000)
  to   space 2048K, 0% used [0x00000000d7700000,0x00000000d7700000,0x00000000d7900000)
 ParOldGen       total 5632K, used 2349K [0x0000000083a00000, 0x0000000083f80000, 0x00000000d6900000)
  object space 5632K, 41% used [0x0000000083a00000,0x0000000083c4b5c0,0x0000000083f80000)
 Metaspace       used 7287K, capacity 8180K, committed 8448K, reserved 1056768K
  class space    used 893K, capacity 944K, committed 1024K, reserved 1048576K
Event: 0.304 GC heap after
Heap after GC invocations=6 (full 0):
 PSYoungGen      total 11776K, used 2040K [0x00000000d6900000, 0x00000000d7e00000, 0x0000000100000000)
  eden space 9728K, 0% used [0x00000000d6900000,0x00000000d6900000,0x00000000d7280000)
  from space 2048K, 99% used [0x00000000d7700000,0x00000000d78fe138,0x00000000d7900000)
  to   space 4608K, 0% used [0x00000000d7280000,0x00000000d7280000,0x00000000d7700000)
 ParOldGen       total 7680K, used 6019K [0x0000000083a00000, 0x0000000084180000, 0x00000000d6900000)
  object space 7680K, 78% used [0x0000000083a00000,0x0000000083fe0c38,0x0000000084180000)
 Metaspace       used 7287K, capacity 8180K, committed 8448K, reserved 1056768K
  class space    used 893K, capacity 944K, committed 1024K, reserved 1048576K
}
Event: 0.304 GC heap before
{Heap before GC invocations=7 (full 1):
 PSYoungGen      total 11776K, used 2040K [0x00000000d6900000, 0x00000000d7e00000, 0x0000000100000000)
  eden space 9728K, 0% used [0x00000000d6900000,0x00000000d6900000,0x00000000d7280000)
  from space 2048K, 99% used [0x00000000d7700000,0x00000000d78fe138,0x00000000d7900000)
  to   space 4608K, 0% used [0x00000000d7280000,0x00000000d7280000,0x00000000d7700000)
 ParOldGen       total 7680K, used 6019K [0x0000000083a00000, 0x0000000084180000, 0x00000000d6900000)
  object space 7680K, 78% used [0x0000000083a00000,0x0000000083fe0c38,0x0000000084180000)
 Metaspace       used 7287K, capacity 8180K, committed 8448K, reserved 1056768K
  class space    used 893K, capacity 944K, committed 1024K, reserved 1048576K
Event: 0.317 GC heap after
Heap after GC invocations=7 (full 1):
 PSYoungGen      total 11776K, used 0K [0x00000000d6900000, 0x00000000d7e00000, 0x0000000100000000)
  eden space 9728K, 0% used [0x00000000d6900000,0x00000000d6900000,0x00000000d7280000)
  from space 2048K, 0% used [0x00000000d7700000,0x00000000d7700000,0x00000000d7900000)
  to   space 4608K, 0% used [0x00000000d7280000,0x00000000d7280000,0x00000000d7700000)
 ParOldGen       total 11264K, used 5422K [0x0000000083a00000, 0x0000000084500000, 0x00000000d6900000)
  object space 11264K, 48% used [0x0000000083a00000,0x0000000083f4b8e0,0x0000000084500000)
 Metaspace       used 7287K, capacity 8180K, committed 8448K, reserved 1056768K
  class space    used 893K, capacity 944K, committed 1024K, reserved 1048576K
}

